<?xml version="1.0" encoding="UTF-8"?>
<!-- Generated by org.testng.reporters.JUnitReportReporter -->
<testsuite skipped="0" hostname="sdatta" name="com.training.sanity.tests.RETC_041" tests="1" failures="0" timestamp="03 Jul 2019 10:01:42 GMT" time="56.361" errors="0">
  <testcase name="RETC_041" time="56.361" classname="com.training.sanity.tests.RETC_041"/>
</testsuite> <!-- com.training.sanity.tests.RETC_041 -->
