<?xml version="1.0" encoding="UTF-8"?>
<!-- Generated by org.testng.reporters.JUnitReportReporter -->
<testsuite skipped="0" hostname="sdatta" name="com.training.sanity.tests.RETC_45_Updated" tests="1" failures="0" timestamp="08 Jul 2019 10:11:01 GMT" time="120.628" errors="0">
  <testcase name="Region" time="120.628" classname="com.training.sanity.tests.RETC_45_Updated"/>
</testsuite> <!-- com.training.sanity.tests.RETC_45_Updated -->
